C:\USERS\ADMINISTRATEUR\DROPBOX\GI02\NF16\TP3\TP3\TP3\DEBUG\MAIN.OBJ
C:\USERS\ADMINISTRATEUR\DROPBOX\GI02\NF16\TP3\TP3\TP3\DEBUG\TP3.OBJ
C:\USERS\ADMINISTRATEUR\DROPBOX\GI02\NF16\TP3\TP3\TP3\DEBUG\VC110.PDB
C:\USERS\ADMINISTRATEUR\DROPBOX\GI02\NF16\TP3\TP3\DEBUG\TP3.ILK
C:\USERS\ADMINISTRATEUR\DROPBOX\GI02\NF16\TP3\TP3\DEBUG\TP3.EXE
C:\USERS\ADMINISTRATEUR\DROPBOX\GI02\NF16\TP3\TP3\DEBUG\TP3.PDB
C:\Users\Administrateur\Dropbox\GI02\NF16\TP3\TP3\TP3\Debug\main.obj
C:\Users\Administrateur\Dropbox\GI02\NF16\TP3\TP3\TP3\Debug\tp3.obj
C:\Users\Administrateur\Dropbox\GI02\NF16\TP3\TP3\TP3\Debug\cl.command.1.tlog
C:\Users\Administrateur\Dropbox\GI02\NF16\TP3\TP3\TP3\Debug\CL.read.1.tlog
C:\Users\Administrateur\Dropbox\GI02\NF16\TP3\TP3\TP3\Debug\CL.write.1.tlog
C:\Users\Administrateur\Dropbox\GI02\NF16\TP3\TP3\TP3\Debug\link-cvtres.read.1.tlog
C:\Users\Administrateur\Dropbox\GI02\NF16\TP3\TP3\TP3\Debug\link-cvtres.write.1.tlog
C:\Users\Administrateur\Dropbox\GI02\NF16\TP3\TP3\TP3\Debug\link-rc.read.1.tlog
C:\Users\Administrateur\Dropbox\GI02\NF16\TP3\TP3\TP3\Debug\link-rc.write.1.tlog
C:\Users\Administrateur\Dropbox\GI02\NF16\TP3\TP3\TP3\Debug\link.command.1.tlog
C:\Users\Administrateur\Dropbox\GI02\NF16\TP3\TP3\TP3\Debug\link.read.1.tlog
C:\Users\Administrateur\Dropbox\GI02\NF16\TP3\TP3\TP3\Debug\link.write.1 (Sam-PC's conflicted copy 2013-04-02).tlog
C:\Users\Administrateur\Dropbox\GI02\NF16\TP3\TP3\TP3\Debug\link.write.1.tlog
C:\Users\Administrateur\Dropbox\GI02\NF16\TP3\TP3\TP3\Debug\vc110.idb
C:\Users\Administrateur\Dropbox\GI02\NF16\TP3\TP3\TP3\Debug\vc110.pdb
C:\Users\Administrateur\Dropbox\GI02\NF16\TP3\TP3\Debug\TP3.pdb
C:\Users\Administrateur\Dropbox\GI02\NF16\TP3\TP3\Debug\TP3.exe
C:\Users\Administrateur\Dropbox\GI02\NF16\TP3\TP3\Debug\TP3.ilk
