Build started 2013/4/13 15:27:49.
     1>Project "C:\Users\Administrateur\Dropbox\GI02\NF16\TP3\TP3\TP3\TP3.vcxproj" on node 2 (Build target(s)).
     1>ClCompile:
         C:\Program Files (x86)\Microsoft Visual Studio 11.0\VC\bin\CL.exe /c /ZI /nologo /W3 /WX- /Od /Oy- /D _MBCS /Gm /EHsc /RTC1 /MDd /GS /fp:precise /Zc:wchar_t /Zc:forScope /Fo"Debug\\" /Fd"Debug\vc110.pdb" /Gd /TC /analyze- /errorReport:prompt main.c tp3.c
         tp3.c
     1>c:\users\administrateur\dropbox\gi02\nf16\tp3\tp3\tp3\tp3.c(296): warning C4101: 'po' : unreferenced local variable
         main.c
     1>c:\users\administrateur\dropbox\gi02\nf16\tp3\tp3\tp3\main.c(13): warning C4996: 'scanf': This function or variable may be unsafe. Consider using scanf_s instead. To disable deprecation, use _CRT_SECURE_NO_WARNINGS. See online help for details.
                 c:\program files (x86)\microsoft visual studio 11.0\vc\include\stdio.h(290) : see declaration of 'scanf'
     1>c:\users\administrateur\dropbox\gi02\nf16\tp3\tp3\tp3\main.c(17): warning C4996: 'fopen': This function or variable may be unsafe. Consider using fopen_s instead. To disable deprecation, use _CRT_SECURE_NO_WARNINGS. See online help for details.
                 c:\program files (x86)\microsoft visual studio 11.0\vc\include\stdio.h(218) : see declaration of 'fopen'
     1>c:\users\administrateur\dropbox\gi02\nf16\tp3\tp3\tp3\main.c(36): warning C4996: 'fopen': This function or variable may be unsafe. Consider using fopen_s instead. To disable deprecation, use _CRT_SECURE_NO_WARNINGS. See online help for details.
                 c:\program files (x86)\microsoft visual studio 11.0\vc\include\stdio.h(218) : see declaration of 'fopen'
     1>c:\users\administrateur\dropbox\gi02\nf16\tp3\tp3\tp3\main.c(55): warning C4996: 'scanf': This function or variable may be unsafe. Consider using scanf_s instead. To disable deprecation, use _CRT_SECURE_NO_WARNINGS. See online help for details.
                 c:\program files (x86)\microsoft visual studio 11.0\vc\include\stdio.h(290) : see declaration of 'scanf'
     1>c:\users\administrateur\dropbox\gi02\nf16\tp3\tp3\tp3\main.c(60): warning C4996: 'scanf': This function or variable may be unsafe. Consider using scanf_s instead. To disable deprecation, use _CRT_SECURE_NO_WARNINGS. See online help for details.
                 c:\program files (x86)\microsoft visual studio 11.0\vc\include\stdio.h(290) : see declaration of 'scanf'
     1>c:\users\administrateur\dropbox\gi02\nf16\tp3\tp3\tp3\main.c(65): warning C4996: 'scanf': This function or variable may be unsafe. Consider using scanf_s instead. To disable deprecation, use _CRT_SECURE_NO_WARNINGS. See online help for details.
                 c:\program files (x86)\microsoft visual studio 11.0\vc\include\stdio.h(290) : see declaration of 'scanf'
     1>c:\users\administrateur\dropbox\gi02\nf16\tp3\tp3\tp3\main.c(70): warning C4996: 'scanf': This function or variable may be unsafe. Consider using scanf_s instead. To disable deprecation, use _CRT_SECURE_NO_WARNINGS. See online help for details.
                 c:\program files (x86)\microsoft visual studio 11.0\vc\include\stdio.h(290) : see declaration of 'scanf'
     1>c:\users\administrateur\dropbox\gi02\nf16\tp3\tp3\tp3\main.c(86): warning C4996: 'scanf': This function or variable may be unsafe. Consider using scanf_s instead. To disable deprecation, use _CRT_SECURE_NO_WARNINGS. See online help for details.
                 c:\program files (x86)\microsoft visual studio 11.0\vc\include\stdio.h(290) : see declaration of 'scanf'
         Generating Code...
       Link:
         C:\Program Files (x86)\Microsoft Visual Studio 11.0\VC\bin\link.exe /ERRORREPORT:PROMPT /OUT:"C:\Users\Administrateur\Dropbox\GI02\NF16\TP3\TP3\Debug\TP3.exe" /INCREMENTAL /NOLOGO kernel32.lib user32.lib gdi32.lib winspool.lib comdlg32.lib advapi32.lib shell32.lib ole32.lib oleaut32.lib uuid.lib odbc32.lib odbccp32.lib /MANIFEST /MANIFESTUAC:"level='asInvoker' uiAccess='false'" /manifest:embed /DEBUG /PDB:"C:\Users\Administrateur\Dropbox\GI02\NF16\TP3\TP3\Debug\TP3.pdb" /TLBID:1 /DYNAMICBASE /NXCOMPAT /IMPLIB:"C:\Users\Administrateur\Dropbox\GI02\NF16\TP3\TP3\Debug\TP3.lib" /MACHINE:X86 Debug\main.obj
         Debug\tp3.obj
         TP3.vcxproj -> C:\Users\Administrateur\Dropbox\GI02\NF16\TP3\TP3\Debug\TP3.exe
     1>Done Building Project "C:\Users\Administrateur\Dropbox\GI02\NF16\TP3\TP3\TP3\TP3.vcxproj" (Build target(s)).

Build succeeded.

Time Elapsed 00:00:01.45
